[19-10-17 00:25:49] [PicqBotX] [INFO] 
[19-10-17 00:25:49] [PicqBotX] [INFO]     ____  _            ____        __ _  __
[19-10-17 00:25:49] [PicqBotX] [INFO]    / __ \(_)________ _/ __ )____  / /| |/ /
[19-10-17 00:25:49] [PicqBotX] [INFO]   / /_/ / / ___/ __ `/ __  / __ \/ __/   /
[19-10-17 00:25:49] [PicqBotX] [INFO]  / ____/ / /__/ /_/ / /_/ / /_/ / /_/   |
[19-10-17 00:25:49] [PicqBotX] [INFO] /_/   /_/\___/\__, /_____/\____/\__/_/|_|
[19-10-17 00:25:49] [PicqBotX] [INFO]                 /_/         v4.10.1.928
[19-10-17 00:25:49] [PicqBotX] [INFO] 日志管理器     初始化完成 [******] ...(20.98 ms)
[19-10-17 00:25:49] [PicqBotX] [INFO] 缓存管理器     初始化完成 [******] ...(1.27 ms)
[19-10-17 00:25:49] [PicqBotX] [INFO] DEBUG设置     初始化完成 [******] ...(0.01 ms)
[19-10-17 00:25:49] [PicqBotX] [INFO] 事件管理器     初始化完成 [******] ...(21.51 ms)
[19-10-17 00:25:49] [PicqBotX] [INFO] 账号管理器     初始化完成 [******] ...(0.64 ms)
[19-10-17 00:25:49] [PicqBotX] [INFO] HTTP监听服务器 初始化完成 [******] ...(1.15 ms)
[19-10-17 00:25:49] [PicqBotX] [WARNING] 账号 test: 版本正确, 不过用酷Q Pro的话效果更好哦!
[19-10-17 00:25:49] [PicqBotX] [INFO] 账号 test:   版本验证完成!
[19-10-17 00:25:49] [PicqBotX] [INFO] 正在启动...
[19-10-17 00:31:05] [PicqBotX] [ERROR(java.lang.Thread.run:834)] HTTP API请求版本不正确, 设置的兼容版本为: .*4.10.*
[19-10-17 00:31:05] [PicqBotX] [ERROR(java.lang.Thread.run:834)] 当前版本为: CQHttp/4.11.0
[19-10-17 00:31:05] [PicqBotX] [ERROR(java.lang.Thread.run:834)] 推荐更新这个类库或者HTTP API的版本
[19-10-17 00:31:05] [PicqBotX] [ERROR(java.lang.Thread.run:834)] 如果要无视版本检查, 请修改 HTTP_API_VERSION_DETECTION
[19-10-17 00:32:05] [PicqBotX] [ERROR(java.lang.Thread.run:834)] HTTP API请求版本不正确, 设置的兼容版本为: .*4.10.*
